TN:
SF:server/print.ts
FN:40,listPrinters
FN:67,(anonymous_1)
FN:77,getSimulatedPrinters
FN:85,submitPrintJob
FN:115,submitViaCUPS
FN:136,submitViaIPP
FN:148,(anonymous_6)
FN:159,(anonymous_7)
FN:176,simulatePrintJob
FN:188,getPrinterStatus
FN:200,(anonymous_10)
FNF:11
FNH:8
FNDA:7,listPrinters
FNDA:0,(anonymous_1)
FNDA:7,getSimulatedPrinters
FNDA:14,submitPrintJob
FNDA:11,submitViaCUPS
FNDA:11,submitViaIPP
FNDA:11,(anonymous_6)
FNDA:0,(anonymous_7)
FNDA:11,simulatePrintJob
FNDA:3,getPrinterStatus
FNDA:0,(anonymous_10)
DA:12,2
DA:41,7
DA:42,7
DA:43,7
DA:44,7
DA:46,0
DA:47,0
DA:48,0
DA:49,0
DA:50,0
DA:51,0
DA:52,0
DA:53,0
DA:62,0
DA:63,0
DA:64,0
DA:65,0
DA:66,0
DA:67,0
DA:68,0
DA:71,0
DA:73,0
DA:78,7
DA:86,14
DA:89,14
DA:90,3
DA:93,11
DA:96,14
DA:97,14
DA:98,0
DA:100,11
DA:104,11
DA:105,11
DA:106,0
DA:108,11
DA:112,11
DA:122,11
DA:123,0
DA:124,0
DA:125,0
DA:126,0
DA:127,0
DA:128,11
DA:139,11
DA:140,11
DA:142,0
DA:145,11
DA:146,11
DA:148,11
DA:149,11
DA:150,11
DA:159,11
DA:160,0
DA:161,0
DA:162,0
DA:164,0
DA:165,0
DA:166,0
DA:177,11
DA:178,11
DA:179,11
DA:189,3
DA:190,3
DA:191,0
DA:192,0
DA:193,0
DA:194,0
DA:197,3
DA:198,3
DA:199,3
DA:200,0
DA:201,0
DA:204,0
DA:206,3
LF:74
LH:36
BRDA:43,0,0,7
BRDA:43,0,1,0
BRDA:43,1,0,7
BRDA:43,1,1,0
BRDA:50,2,0,0
BRDA:50,2,1,0
BRDA:56,3,0,0
BRDA:56,3,1,0
BRDA:65,4,0,0
BRDA:65,4,1,0
BRDA:68,5,0,0
BRDA:68,5,1,0
BRDA:71,6,0,0
BRDA:71,6,1,0
BRDA:86,7,0,14
BRDA:89,8,0,3
BRDA:89,8,1,11
BRDA:93,9,0,11
BRDA:93,9,1,4
BRDA:98,10,0,0
BRDA:98,10,1,0
BRDA:106,11,0,0
BRDA:106,11,1,0
BRDA:127,12,0,0
BRDA:127,12,1,0
BRDA:131,13,0,0
BRDA:131,13,1,0
BRDA:145,14,0,11
BRDA:145,14,1,10
BRDA:145,15,0,10
BRDA:145,15,1,3
BRDA:155,16,0,11
BRDA:155,16,1,8
BRDA:160,17,0,0
BRDA:160,17,1,0
BRDA:164,18,0,0
BRDA:164,18,1,0
BRDA:167,19,0,0
BRDA:167,19,1,0
BRDA:168,20,0,0
BRDA:168,20,1,0
BRDA:194,21,0,0
BRDA:194,21,1,0
BRDA:194,22,0,0
BRDA:194,22,1,0
BRDA:194,23,0,0
BRDA:194,23,1,0
BRF:47
BRH:13
end_of_record
TN:
SF:server/rip.ts
FN:44,ripFile
FN:59,(anonymous_1)
FN:228,cancelRip
FN:233,isRipping
FN:237,ripJobWithTracking
FN:251,(anonymous_5)
FNF:6
FNH:6
FNDA:40,ripFile
FNDA:258,(anonymous_1)
FNDA:2,cancelRip
FNDA:2,isRipping
FNDA:6,ripJobWithTracking
FNDA:36,(anonymous_5)
DA:14,2
DA:39,2
DA:42,2
DA:57,40
DA:58,40
DA:59,40
DA:61,40
DA:64,40
DA:65,40
DA:66,40
DA:68,40
DA:69,0
DA:70,0
DA:71,0
DA:72,0
DA:73,0
DA:74,0
DA:76,0
DA:80,40
DA:83,40
DA:84,40
DA:85,37
DA:87,40
DA:88,40
DA:89,40
DA:91,40
DA:94,40
DA:95,40
DA:96,40
DA:99,40
DA:100,40
DA:102,40
DA:107,40
DA:113,1
DA:114,0
DA:115,0
DA:120,37
DA:123,37
DA:124,37
DA:131,37
DA:133,37
DA:137,37
DA:138,37
DA:145,37
DA:146,37
DA:148,37
DA:149,37
DA:150,37
DA:152,37
DA:153,370000
DA:154,370000
DA:155,370000
DA:156,350000
DA:157,350000
DA:161,37
DA:162,40
DA:163,40
DA:164,40
DA:167,40
DA:168,40
DA:169,40
DA:170,40
DA:171,40
DA:172,40
DA:175,40
DA:183,40
DA:185,40
DA:188,40
DA:189,40
DA:190,40
DA:191,185
DA:192,185
DA:194,37
DA:196,37
DA:199,37
DA:200,0
DA:203,37
DA:205,37
DA:226,2
DA:229,2
DA:230,2
DA:234,2
DA:245,6
DA:246,6
DA:248,6
DA:249,6
DA:252,36
DA:253,35
DA:256,4
DA:257,4
DA:259,2
DA:260,2
LF:92
LH:82
BRDA:58,0,0,40
BRDA:58,0,1,37
BRDA:59,1,0,40
BRDA:59,1,1,258
BRDA:68,2,0,0
BRDA:68,2,1,40
BRDA:85,3,0,37
BRDA:85,3,1,0
BRDA:87,4,0,40
BRDA:87,4,1,0
BRDA:88,5,0,40
BRDA:88,5,1,0
BRDA:89,6,0,40
BRDA:89,6,1,36
BRDA:94,7,0,40
BRDA:94,7,1,35
BRDA:95,8,0,40
BRDA:95,8,1,36
BRDA:96,9,0,40
BRDA:96,9,1,36
BRDA:107,10,0,1
BRDA:107,10,1,39
BRDA:113,11,0,0
BRDA:113,11,1,1
BRDA:155,12,0,350000
BRDA:155,12,1,20000
BRDA:161,13,0,35
BRDA:161,13,1,2
BRDA:162,14,0,35
BRDA:162,14,1,2
BRDA:163,15,0,35
BRDA:163,15,1,2
BRDA:169,16,0,31
BRDA:169,16,1,6
BRDA:170,17,0,37
BRDA:170,17,1,0
BRDA:171,18,0,37
BRDA:171,18,1,0
BRDA:172,19,0,37
BRDA:172,19,1,0
BRDA:180,20,0,40
BRDA:180,20,1,30
BRDA:199,21,0,0
BRDA:199,21,1,37
BRDA:199,22,0,37
BRDA:199,22,1,0
BRDA:230,23,0,1
BRDA:230,23,1,1
BRDA:252,24,0,1
BRDA:252,24,1,35
BRDA:260,25,0,2
BRDA:260,25,1,0
BRF:52
BRH:41
end_of_record
TN:
SF:server/routes.ts
FN:18,(anonymous_0)
FN:38,sendSSE
FN:56,registerRoutes
FN:59,(anonymous_3)
FN:109,(anonymous_4)
FN:113,(anonymous_5)
FN:129,(anonymous_6)
FN:139,(anonymous_7)
FN:156,(anonymous_8)
FN:163,(anonymous_9)
FN:185,(anonymous_10)
FN:189,(anonymous_11)
FN:201,(anonymous_12)
FN:210,(anonymous_13)
FN:216,(anonymous_14)
FN:257,(anonymous_15)
FN:262,(anonymous_16)
FN:268,(anonymous_17)
FN:272,(anonymous_18)
FN:278,(anonymous_19)
FN:286,(anonymous_20)
FN:294,(anonymous_21)
FN:299,(anonymous_22)
FN:337,(anonymous_23)
FN:351,(anonymous_24)
FN:352,(anonymous_25)
FN:357,(anonymous_26)
FN:364,(anonymous_27)
FN:368,(anonymous_28)
FN:373,(anonymous_29)
FN:378,(anonymous_30)
FN:383,(anonymous_31)
FN:389,(anonymous_32)
FN:390,(anonymous_33)
FN:395,(anonymous_34)
FN:400,(anonymous_35)
FN:405,(anonymous_36)
FN:409,(anonymous_37)
FN:413,(anonymous_38)
FN:419,(anonymous_39)
FN:422,(anonymous_40)
FN:427,(anonymous_41)
FN:433,(anonymous_42)
FN:438,(anonymous_43)
FN:442,(anonymous_44)
FN:446,(anonymous_45)
FN:452,(anonymous_46)
FN:455,(anonymous_47)
FNF:48
FNH:39
FNDA:3,(anonymous_0)
FNDA:27,sendSSE
FNDA:1,registerRoutes
FNDA:4,(anonymous_3)
FNDA:24,(anonymous_4)
FNDA:3,(anonymous_5)
FNDA:0,(anonymous_6)
FNDA:0,(anonymous_7)
FNDA:0,(anonymous_8)
FNDA:2,(anonymous_9)
FNDA:0,(anonymous_10)
FNDA:0,(anonymous_11)
FNDA:0,(anonymous_12)
FNDA:1,(anonymous_13)
FNDA:3,(anonymous_14)
FNDA:2,(anonymous_15)
FNDA:0,(anonymous_16)
FNDA:1,(anonymous_17)
FNDA:2,(anonymous_18)
FNDA:2,(anonymous_19)
FNDA:2,(anonymous_20)
FNDA:5,(anonymous_21)
FNDA:5,(anonymous_22)
FNDA:3,(anonymous_23)
FNDA:2,(anonymous_24)
FNDA:2,(anonymous_25)
FNDA:2,(anonymous_26)
FNDA:3,(anonymous_27)
FNDA:0,(anonymous_28)
FNDA:1,(anonymous_29)
FNDA:0,(anonymous_30)
FNDA:1,(anonymous_31)
FNDA:1,(anonymous_32)
FNDA:2,(anonymous_33)
FNDA:1,(anonymous_34)
FNDA:1,(anonymous_35)
FNDA:1,(anonymous_36)
FNDA:1,(anonymous_37)
FNDA:1,(anonymous_38)
FNDA:3,(anonymous_39)
FNDA:3,(anonymous_40)
FNDA:1,(anonymous_41)
FNDA:4,(anonymous_42)
FNDA:4,(anonymous_43)
FNDA:1,(anonymous_44)
FNDA:1,(anonymous_45)
FNDA:2,(anonymous_46)
FNDA:2,(anonymous_47)
DA:12,1
DA:13,1
DA:15,1
DA:19,3
DA:24,3
DA:25,3
DA:26,3
DA:27,3
DA:29,0
DA:36,1
DA:39,27
DA:40,27
DA:41,27
DA:42,0
DA:43,0
DA:44,0
DA:46,0
DA:50,27
DA:51,0
DA:52,0
DA:59,1
DA:60,4
DA:62,3
DA:63,3
DA:66,4
DA:67,4
DA:68,4
DA:70,4
DA:73,4
DA:96,4
DA:97,4
DA:110,24
DA:111,24
DA:114,3
DA:127,3
DA:130,0
DA:131,0
DA:135,4
DA:139,1
DA:140,0
DA:141,0
DA:142,0
DA:143,0
DA:144,0
DA:145,0
DA:147,0
DA:148,0
DA:151,0
DA:152,0
DA:153,0
DA:156,0
DA:157,0
DA:158,0
DA:163,1
DA:164,2
DA:165,2
DA:166,2
DA:167,1
DA:168,0
DA:170,0
DA:171,0
DA:173,0
DA:186,0
DA:187,0
DA:190,0
DA:199,0
DA:202,0
DA:203,0
DA:207,2
DA:210,1
DA:211,1
DA:212,1
DA:216,1
DA:217,3
DA:218,3
DA:219,3
DA:222,1
DA:223,1
DA:224,1
DA:225,0
DA:229,1
DA:231,1
DA:232,1
DA:235,3
DA:236,3
DA:243,1
DA:244,1
DA:245,1
DA:246,1
DA:248,1
DA:251,0
DA:252,0
DA:257,1
DA:258,2
DA:259,2
DA:262,1
DA:263,0
DA:264,0
DA:268,1
DA:269,1
DA:272,1
DA:273,2
DA:274,2
DA:275,1
DA:278,1
DA:279,2
DA:280,2
DA:281,4
DA:283,2
DA:286,1
DA:287,2
DA:288,2
DA:289,2
DA:290,2
DA:294,1
DA:295,5
DA:296,5
DA:299,1
DA:300,5
DA:301,5
DA:304,4
DA:308,4
DA:309,4
DA:310,4
DA:312,4
DA:313,1
DA:314,1
DA:315,0
DA:317,4
DA:318,1
DA:321,3
DA:322,3
DA:324,3
DA:334,5
DA:337,1
DA:338,3
DA:347,3
DA:351,2
DA:352,1
DA:353,2
DA:354,2
DA:355,1
DA:357,1
DA:358,2
DA:359,2
DA:360,2
DA:364,1
DA:365,3
DA:366,3
DA:368,1
DA:369,0
DA:370,0
DA:371,0
DA:373,1
DA:374,1
DA:375,1
DA:376,1
DA:378,1
DA:379,0
DA:380,0
DA:381,0
DA:383,1
DA:384,1
DA:385,1
DA:389,1
DA:390,1
DA:391,2
DA:392,2
DA:393,1
DA:395,1
DA:396,1
DA:397,1
DA:398,1
DA:400,1
DA:401,1
DA:402,1
DA:403,1
DA:405,1
DA:406,1
DA:407,1
DA:409,1
DA:410,1
DA:411,1
DA:413,1
DA:414,1
DA:415,1
DA:419,1
DA:420,3
DA:422,1
DA:423,3
DA:424,3
DA:425,1
DA:427,1
DA:428,1
DA:429,1
DA:430,1
DA:431,1
DA:433,1
DA:434,4
DA:435,4
DA:436,4
DA:438,1
DA:439,4
DA:440,4
DA:442,1
DA:443,1
DA:444,1
DA:446,1
DA:447,1
DA:448,1
DA:452,2
DA:455,1
DA:456,2
DA:459,1
LF:214
LH:169
BRDA:13,0,0,0
BRDA:13,0,1,1
BRDA:26,1,0,3
BRDA:26,1,1,0
BRDA:26,2,0,3
BRDA:26,2,1,0
BRDA:42,3,0,0
BRDA:42,3,1,0
BRDA:52,4,0,0
BRDA:52,4,1,0
BRDA:60,5,0,1
BRDA:60,5,1,3
BRDA:63,6,0,3
BRDA:63,6,1,0
BRDA:70,7,0,4
BRDA:70,7,1,0
BRDA:152,8,0,0
BRDA:152,8,1,0
BRDA:158,9,0,0
BRDA:158,9,1,0
BRDA:166,10,0,1
BRDA:166,10,1,1
BRDA:167,11,0,1
BRDA:167,11,1,0
BRDA:168,12,0,0
BRDA:168,12,1,0
BRDA:179,13,0,0
BRDA:179,13,1,0
BRDA:179,13,2,0
BRDA:183,14,0,2
BRDA:183,14,1,0
BRDA:219,15,0,2
BRDA:219,15,1,1
BRDA:223,16,0,1
BRDA:223,16,1,0
BRDA:223,17,0,1
BRDA:223,17,1,1
BRDA:224,18,0,0
BRDA:224,18,1,1
BRDA:224,19,0,1
BRDA:224,19,1,1
BRDA:224,20,0,1
BRDA:224,20,1,0
BRDA:232,21,0,1
BRDA:232,21,1,0
BRDA:235,22,0,3
BRDA:235,22,1,1
BRDA:238,23,0,3
BRDA:238,23,1,1
BRDA:243,24,0,1
BRDA:243,24,1,0
BRDA:245,25,0,1
BRDA:245,25,1,0
BRDA:245,26,0,1
BRDA:245,26,1,1
BRDA:274,27,0,1
BRDA:274,27,1,1
BRDA:288,28,0,0
BRDA:288,28,1,2
BRDA:296,29,0,5
BRDA:296,29,1,0
BRDA:301,30,0,1
BRDA:301,30,1,4
BRDA:312,31,0,2
BRDA:312,31,1,2
BRDA:312,32,0,4
BRDA:312,32,1,2
BRDA:312,33,0,1
BRDA:312,33,1,1
BRDA:313,34,0,2
BRDA:313,34,1,1
BRDA:313,35,0,0
BRDA:313,35,1,1
BRDA:314,36,0,0
BRDA:314,36,1,1
BRDA:317,37,0,1
BRDA:317,37,1,3
BRDA:326,38,0,3
BRDA:326,38,1,2
BRDA:354,39,0,1
BRDA:354,39,1,1
BRDA:359,40,0,0
BRDA:359,40,1,2
BRDA:365,41,0,1
BRDA:365,41,1,2
BRDA:370,42,0,0
BRDA:370,42,1,0
BRDA:375,43,0,0
BRDA:375,43,1,1
BRDA:380,44,0,0
BRDA:380,44,1,0
BRDA:392,45,0,1
BRDA:392,45,1,1
BRDA:397,46,0,0
BRDA:397,46,1,1
BRDA:402,47,0,0
BRDA:402,47,1,1
BRDA:424,48,0,2
BRDA:424,48,1,1
BRDA:430,49,0,0
BRDA:430,49,1,1
BRDA:435,50,0,0
BRDA:435,50,1,4
BRF:103
BRH:63
end_of_record
TN:
SF:server/static.ts
FN:5,serveStatic
FN:16,(anonymous_1)
FNF:2
FNH:0
FNDA:0,serveStatic
FNDA:0,(anonymous_1)
DA:6,0
DA:7,0
DA:8,0
DA:13,0
DA:16,0
DA:17,0
LF:6
LH:0
BRDA:7,0,0,0
BRDA:7,0,1,0
BRF:2
BRH:0
end_of_record
TN:
SF:server/storage.ts
FN:166,(anonymous_0)
FN:170,(anonymous_1)
FN:444,(anonymous_2)
FN:445,(anonymous_3)
FN:446,(anonymous_4)
FN:447,(anonymous_5)
FN:501,(anonymous_6)
FN:502,(anonymous_7)
FN:503,(anonymous_8)
FN:504,(anonymous_9)
FN:509,(anonymous_10)
FN:513,(anonymous_11)
FN:514,(anonymous_12)
FN:515,(anonymous_13)
FN:518,(anonymous_14)
FN:521,(anonymous_15)
FN:522,(anonymous_16)
FN:523,(anonymous_17)
FN:524,(anonymous_18)
FN:527,(anonymous_19)
FN:530,(anonymous_20)
FN:531,(anonymous_21)
FN:532,(anonymous_22)
FN:538,(anonymous_23)
FN:541,(anonymous_24)
FN:551,(anonymous_25)
FN:554,(anonymous_26)
FN:559,(anonymous_27)
FN:568,(anonymous_28)
FN:578,(anonymous_29)
FN:582,(anonymous_30)
FN:590,(anonymous_31)
FNF:32
FNH:25
FNDA:3,(anonymous_0)
FNDA:3,(anonymous_1)
FNDA:0,(anonymous_2)
FNDA:0,(anonymous_3)
FNDA:0,(anonymous_4)
FNDA:0,(anonymous_5)
FNDA:10,(anonymous_6)
FNDA:4,(anonymous_7)
FNDA:0,(anonymous_8)
FNDA:4,(anonymous_9)
FNDA:11,(anonymous_10)
FNDA:0,(anonymous_11)
FNDA:3,(anonymous_12)
FNDA:0,(anonymous_13)
FNDA:3,(anonymous_14)
FNDA:5,(anonymous_15)
FNDA:12,(anonymous_16)
FNDA:3,(anonymous_17)
FNDA:7,(anonymous_18)
FNDA:3,(anonymous_19)
FNDA:7,(anonymous_20)
FNDA:16,(anonymous_21)
FNDA:6,(anonymous_22)
FNDA:41,(anonymous_23)
FNDA:6,(anonymous_24)
FNDA:6,(anonymous_25)
FNDA:7,(anonymous_26)
FNDA:10,(anonymous_27)
FNDA:6,(anonymous_28)
FNDA:11,(anonymous_29)
FNDA:12,(anonymous_30)
FNDA:2,(anonymous_31)
DA:5,2
DA:6,2
DA:7,2
DA:10,2
DA:167,3
DA:171,3
DA:172,3
DA:175,0
DA:186,0
DA:203,0
DA:210,0
DA:217,0
DA:224,0
DA:231,0
DA:238,0
DA:245,0
DA:252,0
DA:259,0
DA:266,0
DA:273,0
DA:280,0
DA:287,0
DA:294,0
DA:301,0
DA:308,0
DA:315,0
DA:322,0
DA:329,0
DA:336,0
DA:344,0
DA:358,0
DA:373,0
DA:444,0
DA:445,0
DA:446,0
DA:447,0
DA:453,0
DA:454,0
DA:458,0
DA:465,0
DA:466,0
DA:468,0
DA:471,0
DA:487,0
DA:488,0
DA:492,0
DA:501,10
DA:502,4
DA:503,0
DA:505,4
DA:510,11
DA:511,9
DA:513,0
DA:514,3
DA:516,0
DA:518,3
DA:521,5
DA:522,12
DA:523,3
DA:525,7
DA:527,3
DA:530,7
DA:531,16
DA:533,6
DA:534,6
DA:535,6
DA:536,6
DA:539,41
DA:542,6
DA:543,6
DA:544,6
DA:545,6
DA:546,6
DA:551,6
DA:555,7
DA:556,7
DA:560,10
DA:561,10
DA:562,10
DA:564,0
DA:569,6
DA:570,6
DA:571,6
DA:572,90
DA:574,6
DA:579,11
DA:583,12
DA:584,12
DA:585,12
DA:587,0
DA:591,2
DA:592,2
DA:593,2
DA:594,2
DA:595,2
DA:599,2
LF:96
LH:52
BRDA:172,0,0,3
BRDA:172,0,1,0
BRDA:510,1,0,2
BRDA:510,1,1,9
BRDA:544,2,0,6
BRDA:544,2,1,0
BRDA:556,3,0,5
BRDA:556,3,1,2
BRDA:561,4,0,10
BRDA:561,4,1,0
BRDA:579,5,0,11
BRDA:579,5,1,0
BRDA:584,6,0,12
BRDA:584,6,1,0
BRDA:592,7,0,0
BRDA:592,7,1,2
BRDA:593,8,0,2
BRDA:593,8,1,2
BRF:18
BRH:12
end_of_record
